<?xml version="1.0" encoding="UTF-8"?>
<testng-results ignored="0" total="1" passed="1" failed="0" skipped="0">
  <reporter-output>
  </reporter-output>
  <suite started-at="2021-05-03T14:22:23 ICT" name="Default suite" finished-at="2021-05-03T14:23:00 ICT" duration-ms="37607">
    <groups>
    </groups>
    <test started-at="2021-05-03T14:22:23 ICT" name="Default test" finished-at="2021-05-03T14:23:00 ICT" duration-ms="37607">
      <class name="Automation_Test_Website.Add_Product_To_Cart">
        <test-method is-config="true" signature="beforeClass()[pri:0, instance:Automation_Test_Website.Add_Product_To_Cart@69e1dd28]" started-at="2021-05-03T14:22:23 ICT" name="beforeClass" finished-at="2021-05-03T14:22:28 ICT" duration-ms="5706" status="PASS">
          <reporter-output>
          </reporter-output>
        </test-method> <!-- beforeClass -->
        <test-method signature="Add_Product()[pri:0, instance:Automation_Test_Website.Add_Product_To_Cart@69e1dd28]" started-at="2021-05-03T14:22:28 ICT" name="Add_Product" finished-at="2021-05-03T14:23:00 ICT" duration-ms="31871" status="PASS">
          <reporter-output>
          </reporter-output>
        </test-method> <!-- Add_Product -->
        <test-method is-config="true" signature="afterClass()[pri:0, instance:Automation_Test_Website.Add_Product_To_Cart@69e1dd28]" started-at="2021-05-03T14:23:00 ICT" name="afterClass" finished-at="2021-05-03T14:23:00 ICT" duration-ms="0" status="PASS">
          <reporter-output>
          </reporter-output>
        </test-method> <!-- afterClass -->
      </class> <!-- Automation_Test_Website.Add_Product_To_Cart -->
    </test> <!-- Default test -->
  </suite> <!-- Default suite -->
</testng-results>
